<?xml version="1.0" encoding="UTF-8"?>
<!-- Generated by org.testng.reporters.JUnitXMLReporter -->
<testsuite ignored="0" hostname="DESKTOP-H0PI4DT" failures="0" tests="4" name="Default test" time="0.164" errors="0" timestamp="2022-10-21T16:20:46 IST">
  <testcase classname="crossBrowserTesting.HRMLogin" name="login" time="0.01"/>
  <testcase classname="crossBrowserTesting.HRMLogin" name="additems" time="0.002"/>
  <testcase classname="crossBrowserTesting.HRMLogin" name="payment" time="0.008"/>
  <testcase classname="crossBrowserTesting.HRMLogin" name="logout" time="0.008"/>
</testsuite> <!-- Default test -->
