<?xml version="1.0" encoding="UTF-8"?>
<!-- Generated by org.testng.reporters.JUnitXMLReporter -->
<testsuite ignored="0" hostname="WIN-AL1C08U24NV" failures="0" tests="4" name="Test4" time="0.033" errors="0" timestamp="2022-11-02T09:06:07 IST">
  <testcase classname="crossBrowserTesting.HRMLogin" name="login" time="0.003"/>
  <testcase classname="crossBrowserTesting.HRMLogin" name="additems" time="0.004"/>
  <testcase classname="crossBrowserTesting.HRMLogin" name="payment" time="0.002"/>
  <testcase classname="crossBrowserTesting.HRMLogin" name="logout" time="0.002"/>
</testsuite> <!-- Test4 -->
